
ROM used:   772/32752 (2%)
            1030/32752 (3%) including unused fragments

            0.4 Average locations per line
            11.9 Average locations per statement

RAM used:   4/3578 (0%) at main() level
            79/3578 (2%) worst case

Stack used: 4 worst case (3 in main + 1 for interrupts)
Stack size: 31

Lines Stmts  %   Files
----- ----- ---  -----
  305    65 100  bootloader_pic18f6xj94.c
   97     0   0  bootloader.h
 1455     0   0  C:\Program Files (x86)\PICC\Devices\18F65J94.h
   59     0   0  types.h
----- -----
 1916    65 Total

Page ROM  %  RAM    Vol Diff  Functions:
---- --- --- ---    --- ----  ----------
0     12   1    0             @@PUTCHARI_BIU_1
0     74   5    6    428  7.1  get_hexbyte
0     48   3    5    253  5.5  check_checksum
0    370  24   68   1914 11.3  bootloader
0     30   2    0             @@FLASHWR
0     84   5    7             @@WRITE_PROGRAM_MEMORY
0      6   0    0     32  1.2  application
0    126   8    0     76  1.9  MAIN
0      8   1    0      9  0.7  isr_low
0      8   1    0      9  0.7  isr_high
 Inline         0             @cinit1

Program metrics:
    Functions               7
    Statements              65
    Comments                395
    Volume (V)              3463
    Difficulty (D)          29.2
    Effort to implement (E) 101076
    Time to implement (T)   1 hours, 34 minutes
    Est Delivered Bugs (B)  1
    Cyclomatic Complexity   12
    Maintainability (MI)    62

 Segment     Used  Free
-----------  ----  ----
00000-00006     6  2  
00008-00016     8  8  
00018-00028     8  10  
0002A-003FE   744  238  
00400-00500     6  252  
00502-07FEE     0  31470  



